TN:
SF:middleware/auth.js
FN:4,(anonymous_0)
FN:29,(anonymous_1)
FN:30,(anonymous_2)
FNF:3
FNH:0
FNDA:0,(anonymous_0)
FNDA:0,(anonymous_1)
FNDA:0,(anonymous_2)
DA:1,0
DA:2,0
DA:4,0
DA:5,0
DA:7,0
DA:9,0
DA:10,0
DA:14,0
DA:15,0
DA:17,0
DA:18,0
DA:21,0
DA:22,0
DA:24,0
DA:29,0
DA:30,0
DA:31,0
DA:32,0
DA:34,0
DA:38,0
LF:20
LH:0
BRDA:9,0,0,0
BRDA:9,0,1,0
BRDA:17,1,0,0
BRDA:17,1,1,0
BRDA:31,2,0,0
BRDA:31,2,1,0
BRF:6
BRH:0
end_of_record
TN:
SF:models/Category.js
FNF:0
FNH:0
DA:1,0
DA:3,0
DA:42,0
DA:48,0
DA:49,0
DA:51,0
LF:6
LH:0
BRF:0
BRH:0
end_of_record
TN:
SF:models/Inventory.js
FNF:0
FNH:0
DA:1,0
DA:3,0
DA:47,0
DA:49,0
LF:4
LH:0
BRF:0
BRH:0
end_of_record
TN:
SF:models/Product.js
FNF:0
FNH:0
DA:1,0
DA:3,0
DA:82,0
DA:83,0
DA:85,0
LF:5
LH:0
BRF:0
BRH:0
end_of_record
TN:
SF:models/Stocktake.js
FN:160,(anonymous_0)
FNF:1
FNH:0
FNDA:0,(anonymous_0)
DA:1,0
DA:3,0
DA:58,0
DA:160,0
DA:161,0
DA:162,0
DA:163,0
DA:164,0
DA:165,0
DA:167,0
DA:174,0
DA:176,0
DA:179,0
LF:13
LH:0
BRDA:161,0,0,0
BRDA:161,0,1,0
BRDA:161,1,0,0
BRDA:161,1,1,0
BRF:4
BRH:0
end_of_record
TN:
SF:models/Supplier.js
FNF:0
FNH:0
DA:1,0
DA:3,0
DA:54,0
LF:3
LH:0
BRF:0
BRH:0
end_of_record
TN:
SF:models/SystemConfig.js
FN:44,(anonymous_0)
FNF:1
FNH:0
FNDA:0,(anonymous_0)
DA:1,0
DA:3,0
DA:44,0
DA:45,0
DA:46,0
DA:47,0
DA:49,0
DA:52,0
LF:8
LH:0
BRDA:46,0,0,0
BRDA:46,0,1,0
BRF:2
BRH:0
end_of_record
TN:
SF:models/Transaction.js
FN:101,(anonymous_0)
FNF:1
FNH:0
FNDA:0,(anonymous_0)
DA:1,0
DA:3,0
DA:101,0
DA:102,0
DA:103,0
DA:104,0
DA:105,0
DA:106,0
DA:108,0
DA:109,0
DA:110,0
DA:114,0
DA:115,0
DA:119,0
DA:120,0
DA:123,0
DA:126,0
LF:17
LH:0
BRDA:102,0,0,0
BRDA:102,0,1,0
BRDA:104,1,0,0
BRDA:104,1,1,0
BRDA:105,2,0,0
BRDA:105,2,1,0
BRDA:106,3,0,0
BRDA:106,3,1,0
BRDA:114,4,0,0
BRDA:114,4,1,0
BRDA:114,5,0,0
BRDA:114,5,1,0
BRDA:114,5,2,0
BRDA:115,6,0,0
BRDA:115,6,1,0
BRDA:119,7,0,0
BRDA:119,7,1,0
BRDA:119,8,0,0
BRDA:119,8,1,0
BRF:19
BRH:0
end_of_record
TN:
SF:models/User.js
FN:51,(anonymous_0)
FN:64,(anonymous_1)
FNF:2
FNH:0
FNDA:0,(anonymous_0)
FNDA:0,(anonymous_1)
DA:1,0
DA:2,0
DA:4,0
DA:51,0
DA:52,0
DA:54,0
DA:55,0
DA:56,0
DA:57,0
DA:59,0
DA:64,0
DA:65,0
DA:68,0
LF:13
LH:0
BRDA:52,0,0,0
BRDA:52,0,1,0
BRF:2
BRH:0
end_of_record
TN:
SF:models/Warehouse.js
FNF:0
FNH:0
DA:1,0
DA:3,0
DA:48,0
LF:3
LH:0
BRF:0
BRH:0
end_of_record
TN:
SF:routes/auth.js
FN:9,(anonymous_0)
FN:61,(anonymous_1)
FN:106,(anonymous_2)
FN:121,(anonymous_3)
FNF:4
FNH:0
FNDA:0,(anonymous_0)
FNDA:0,(anonymous_1)
FNDA:0,(anonymous_2)
FNDA:0,(anonymous_3)
DA:1,0
DA:2,0
DA:3,0
DA:4,0
DA:6,0
DA:9,0
DA:10,0
DA:11,0
DA:13,0
DA:14,0
DA:17,0
DA:18,0
DA:19,0
DA:22,0
DA:23,0
DA:26,0
DA:27,0
DA:28,0
DA:32,0
DA:33,0
DA:36,0
DA:42,0
DA:56,0
DA:61,0
DA:62,0
DA:63,0
DA:64,0
DA:67,0
DA:70,0
DA:74,0
DA:75,0
DA:78,0
DA:87,0
DA:89,0
DA:101,0
DA:106,0
DA:107,0
DA:121,0
DA:122,0
DA:123,0
DA:125,0
DA:126,0
DA:129,0
DA:130,0
DA:133,0
DA:134,0
DA:135,0
DA:138,0
DA:139,0
DA:141,0
DA:143,0
DA:147,0
LF:52
LH:0
BRDA:13,0,0,0
BRDA:13,0,1,0
BRDA:13,1,0,0
BRDA:13,1,1,0
BRDA:18,2,0,0
BRDA:18,2,1,0
BRDA:22,3,0,0
BRDA:22,3,1,0
BRDA:27,4,0,0
BRDA:27,4,1,0
BRDA:63,5,0,0
BRDA:63,5,1,0
BRDA:74,6,0,0
BRDA:74,6,1,0
BRDA:84,7,0,0
BRDA:84,7,1,0
BRDA:125,8,0,0
BRDA:125,8,1,0
BRDA:125,9,0,0
BRDA:125,9,1,0
BRDA:129,10,0,0
BRDA:129,10,1,0
BRDA:134,11,0,0
BRDA:134,11,1,0
BRF:24
BRH:0
end_of_record
TN:
SF:routes/categories.js
FN:9,(anonymous_0)
FN:30,(anonymous_1)
FN:37,(anonymous_2)
FN:39,(anonymous_3)
FN:64,(anonymous_4)
FN:90,(anonymous_5)
FN:121,(anonymous_6)
FN:162,(anonymous_7)
FNF:8
FNH:0
FNDA:0,(anonymous_0)
FNDA:0,(anonymous_1)
FNDA:0,(anonymous_2)
FNDA:0,(anonymous_3)
FNDA:0,(anonymous_4)
FNDA:0,(anonymous_5)
FNDA:0,(anonymous_6)
FNDA:0,(anonymous_7)
DA:1,0
DA:2,0
DA:3,0
DA:4,0
DA:6,0
DA:9,0
DA:10,0
DA:11,0
DA:12,0
DA:14,0
DA:15,0
DA:19,0
DA:23,0
DA:25,0
DA:30,0
DA:31,0
DA:32,0
DA:37,0
DA:38,0
DA:39,0
DA:40,0
DA:44,0
DA:45,0
DA:53,0
DA:56,0
DA:57,0
DA:59,0
DA:64,0
DA:65,0
DA:66,0
DA:70,0
DA:71,0
DA:75,0
DA:77,0
DA:79,0
DA:85,0
DA:90,0
DA:91,0
DA:92,0
DA:95,0
DA:96,0
DA:97,0
DA:100,0
DA:109,0
DA:111,0
DA:116,0
DA:121,0
DA:122,0
DA:123,0
DA:124,0
DA:125,0
DA:128,0
DA:131,0
DA:132,0
DA:133,0
DA:134,0
DA:139,0
DA:140,0
DA:143,0
DA:144,0
DA:145,0
DA:146,0
DA:147,0
DA:148,0
DA:150,0
DA:152,0
DA:157,0
DA:162,0
DA:163,0
DA:164,0
DA:165,0
DA:166,0
DA:170,0
DA:171,0
DA:172,0
DA:176,0
DA:177,0
DA:178,0
DA:181,0
DA:182,0
DA:184,0
DA:188,0
LF:82
LH:0
BRDA:14,0,0,0
BRDA:14,0,1,0
BRDA:37,1,0,0
BRDA:40,2,0,0
BRDA:40,2,1,0
BRDA:40,2,2,0
BRDA:70,3,0,0
BRDA:70,3,1,0
BRDA:96,4,0,0
BRDA:96,4,1,0
BRDA:103,5,0,0
BRDA:103,5,1,0
BRDA:105,6,0,0
BRDA:105,6,1,0
BRDA:124,7,0,0
BRDA:124,7,1,0
BRDA:131,8,0,0
BRDA:131,8,1,0
BRDA:131,9,0,0
BRDA:131,9,1,0
BRDA:133,10,0,0
BRDA:133,10,1,0
BRDA:139,11,0,0
BRDA:139,11,1,0
BRDA:139,12,0,0
BRDA:139,12,1,0
BRDA:143,13,0,0
BRDA:143,13,1,0
BRDA:144,14,0,0
BRDA:144,14,1,0
BRDA:145,15,0,0
BRDA:145,15,1,0
BRDA:145,16,0,0
BRDA:145,16,1,0
BRDA:146,17,0,0
BRDA:146,17,1,0
BRDA:147,18,0,0
BRDA:147,18,1,0
BRDA:148,19,0,0
BRDA:148,19,1,0
BRDA:165,20,0,0
BRDA:165,20,1,0
BRDA:171,21,0,0
BRDA:171,21,1,0
BRDA:177,22,0,0
BRDA:177,22,1,0
BRF:46
BRH:0
end_of_record
TN:
SF:routes/dashboard.js
FN:11,(anonymous_0)
FN:18,(anonymous_1)
FN:84,(anonymous_2)
FN:93,(anonymous_3)
FN:114,(anonymous_4)
FN:125,(anonymous_5)
FN:141,(anonymous_6)
FN:187,(anonymous_7)
FNF:8
FNH:0
FNDA:0,(anonymous_0)
FNDA:0,(anonymous_1)
FNDA:0,(anonymous_2)
FNDA:0,(anonymous_3)
FNDA:0,(anonymous_4)
FNDA:0,(anonymous_5)
FNDA:0,(anonymous_6)
FNDA:0,(anonymous_7)
DA:1,0
DA:2,0
DA:3,0
DA:4,0
DA:5,0
DA:6,0
DA:8,0
DA:11,0
DA:12,0
DA:14,0
DA:17,0
DA:18,0
DA:19,0
DA:23,0
DA:24,0
DA:26,0
DA:37,0
DA:48,0
DA:49,0
DA:51,0
DA:58,0
DA:65,0
DA:66,0
DA:68,0
DA:79,0
DA:84,0
DA:85,0
DA:87,0
DA:89,0
DA:91,0
DA:92,0
DA:93,0
DA:95,0
DA:96,0
DA:107,0
DA:109,0
DA:114,0
DA:115,0
DA:116,0
DA:118,0
DA:125,0
DA:134,0
DA:136,0
DA:141,0
DA:142,0
DA:143,0
DA:144,0
DA:146,0
DA:147,0
DA:148,0
DA:149,0
DA:152,0
DA:163,0
DA:173,0
DA:180,0
DA:182,0
DA:187,0
DA:188,0
DA:189,0
DA:208,0
DA:210,0
DA:214,0
LF:62
LH:0
BRDA:19,0,0,0
BRDA:19,0,1,0
BRDA:73,1,0,0
BRDA:73,1,1,0
BRDA:75,2,0,0
BRDA:75,2,1,0
BRDA:95,3,0,0
BRDA:95,3,1,0
BRDA:116,4,0,0
BRDA:116,4,1,0
BRDA:128,5,0,0
BRDA:128,5,1,0
BRDA:175,6,0,0
BRDA:175,6,1,0
BRDA:176,7,0,0
BRDA:176,7,1,0
BRF:16
BRH:0
end_of_record
TN:
SF:routes/inventory.js
FN:9,(anonymous_0)
FN:41,(anonymous_1)
FN:73,(anonymous_2)
FN:88,(anonymous_3)
FN:128,(anonymous_4)
FN:164,(anonymous_5)
FN:173,(anonymous_6)
FNF:7
FNH:0
FNDA:0,(anonymous_0)
FNDA:0,(anonymous_1)
FNDA:0,(anonymous_2)
FNDA:0,(anonymous_3)
FNDA:0,(anonymous_4)
FNDA:0,(anonymous_5)
FNDA:0,(anonymous_6)
DA:1,0
DA:2,0
DA:3,0
DA:4,0
DA:6,0
DA:9,0
DA:10,0
DA:18,0
DA:20,0
DA:23,0
DA:24,0
DA:28,0
DA:29,0
DA:30,0
DA:31,0
DA:36,0
DA:37,0
DA:40,0
DA:41,0
DA:44,0
DA:45,0
DA:48,0
DA:56,0
DA:58,0
DA:68,0
DA:73,0
DA:74,0
DA:75,0
DA:77,0
DA:81,0
DA:83,0
DA:88,0
DA:89,0
DA:90,0
DA:92,0
DA:93,0
DA:97,0
DA:99,0
DA:101,0
DA:102,0
DA:103,0
DA:104,0
DA:107,0
DA:113,0
DA:116,0
DA:118,0
DA:123,0
DA:128,0
DA:129,0
DA:130,0
DA:132,0
DA:133,0
DA:136,0
DA:138,0
DA:139,0
DA:143,0
DA:146,0
DA:147,0
DA:148,0
DA:149,0
DA:151,0
DA:153,0
DA:159,0
DA:164,0
DA:165,0
DA:167,0
DA:169,0
DA:171,0
DA:172,0
DA:173,0
DA:175,0
DA:176,0
DA:186,0
DA:188,0
DA:192,0
LF:75
LH:0
BRDA:12,0,0,0
BRDA:13,1,0,0
BRDA:23,2,0,0
BRDA:23,2,1,0
BRDA:29,3,0,0
BRDA:29,3,1,0
BRDA:29,4,0,0
BRDA:29,4,1,0
BRDA:30,5,0,0
BRDA:30,5,1,0
BRDA:36,6,0,0
BRDA:36,6,1,0
BRDA:44,7,0,0
BRDA:44,7,1,0
BRDA:92,8,0,0
BRDA:92,8,1,0
BRDA:92,9,0,0
BRDA:92,9,1,0
BRDA:92,9,2,0
BRDA:99,10,0,0
BRDA:99,10,1,0
BRDA:132,11,0,0
BRDA:132,11,1,0
BRDA:132,12,0,0
BRDA:132,12,1,0
BRDA:132,12,2,0
BRDA:138,13,0,0
BRDA:138,13,1,0
BRDA:175,14,0,0
BRDA:175,14,1,0
BRF:30
BRH:0
end_of_record
TN:
SF:routes/products.js
FN:9,(anonymous_0)
FN:66,(anonymous_1)
FN:87,(anonymous_2)
FN:138,(anonymous_3)
FN:196,(anonymous_4)
FN:217,(anonymous_5)
FNF:6
FNH:0
FNDA:0,(anonymous_0)
FNDA:0,(anonymous_1)
FNDA:0,(anonymous_2)
FNDA:0,(anonymous_3)
FNDA:0,(anonymous_4)
FNDA:0,(anonymous_5)
DA:1,0
DA:2,0
DA:3,0
DA:4,0
DA:6,0
DA:9,0
DA:10,0
DA:18,0
DA:20,0
DA:22,0
DA:23,0
DA:29,0
DA:30,0
DA:33,0
DA:34,0
DA:37,0
DA:38,0
DA:41,0
DA:49,0
DA:51,0
DA:61,0
DA:66,0
DA:67,0
DA:68,0
DA:72,0
DA:73,0
DA:77,0
DA:80,0
DA:82,0
DA:87,0
DA:88,0
DA:101,0
DA:104,0
DA:105,0
DA:106,0
DA:109,0
DA:125,0
DA:126,0
DA:128,0
DA:133,0
DA:138,0
DA:139,0
DA:140,0
DA:141,0
DA:142,0
DA:158,0
DA:161,0
DA:162,0
DA:163,0
DA:164,0
DA:168,0
DA:169,0
DA:170,0
DA:171,0
DA:172,0
DA:173,0
DA:174,0
DA:175,0
DA:176,0
DA:177,0
DA:178,0
DA:179,0
DA:181,0
DA:183,0
DA:184,0
DA:186,0
DA:191,0
DA:196,0
DA:197,0
DA:198,0
DA:199,0
DA:200,0
DA:204,0
DA:205,0
DA:206,0
DA:209,0
DA:210,0
DA:212,0
DA:217,0
DA:218,0
DA:219,0
DA:223,0
DA:225,0
DA:229,0
LF:84
LH:0
BRDA:12,0,0,0
BRDA:13,1,0,0
BRDA:22,2,0,0
BRDA:22,2,1,0
BRDA:29,3,0,0
BRDA:29,3,1,0
BRDA:33,4,0,0
BRDA:33,4,1,0
BRDA:37,5,0,0
BRDA:37,5,1,0
BRDA:72,6,0,0
BRDA:72,6,1,0
BRDA:105,7,0,0
BRDA:105,7,1,0
BRDA:141,8,0,0
BRDA:141,8,1,0
BRDA:161,9,0,0
BRDA:161,9,1,0
BRDA:161,10,0,0
BRDA:161,10,1,0
BRDA:163,11,0,0
BRDA:163,11,1,0
BRDA:168,12,0,0
BRDA:168,12,1,0
BRDA:169,13,0,0
BRDA:169,13,1,0
BRDA:170,14,0,0
BRDA:170,14,1,0
BRDA:171,15,0,0
BRDA:171,15,1,0
BRDA:172,16,0,0
BRDA:172,16,1,0
BRDA:173,17,0,0
BRDA:173,17,1,0
BRDA:174,18,0,0
BRDA:174,18,1,0
BRDA:175,19,0,0
BRDA:175,19,1,0
BRDA:176,20,0,0
BRDA:176,20,1,0
BRDA:177,21,0,0
BRDA:177,21,1,0
BRDA:178,22,0,0
BRDA:178,22,1,0
BRDA:179,23,0,0
BRDA:179,23,1,0
BRDA:199,24,0,0
BRDA:199,24,1,0
BRDA:205,25,0,0
BRDA:205,25,1,0
BRF:50
BRH:0
end_of_record
TN:
SF:routes/stocktake.js
FN:12,(anonymous_0)
FN:58,(anonymous_1)
FN:78,(anonymous_2)
FN:95,(anonymous_3)
FN:131,(anonymous_4)
FN:151,(anonymous_5)
FN:189,(anonymous_6)
FN:212,(anonymous_7)
FN:302,(anonymous_8)
FN:334,(anonymous_9)
FN:367,(anonymous_10)
FNF:11
FNH:0
FNDA:0,(anonymous_0)
FNDA:0,(anonymous_1)
FNDA:0,(anonymous_2)
FNDA:0,(anonymous_3)
FNDA:0,(anonymous_4)
FNDA:0,(anonymous_5)
FNDA:0,(anonymous_6)
FNDA:0,(anonymous_7)
FNDA:0,(anonymous_8)
FNDA:0,(anonymous_9)
FNDA:0,(anonymous_10)
DA:1,0
DA:2,0
DA:3,0
DA:4,0
DA:5,0
DA:6,0
DA:7,0
DA:8,0
DA:9,0
DA:12,0
DA:13,0
DA:14,0
DA:15,0
DA:17,0
DA:18,0
DA:19,0
DA:20,0
DA:25,0
DA:26,0
DA:32,0
DA:41,0
DA:43,0
DA:53,0
DA:58,0
DA:59,0
DA:60,0
DA:67,0
DA:68,0
DA:71,0
DA:73,0
DA:78,0
DA:79,0
DA:80,0
DA:82,0
DA:83,0
DA:86,0
DA:87,0
DA:88,0
DA:92,0
DA:95,0
DA:96,0
DA:97,0
DA:112,0
DA:122,0
DA:124,0
DA:126,0
DA:131,0
DA:132,0
DA:133,0
DA:134,0
DA:136,0
DA:137,0
DA:138,0
DA:141,0
DA:142,0
DA:146,0
DA:147,0
DA:148,0
DA:149,0
DA:151,0
DA:152,0
DA:153,0
DA:155,0
DA:156,0
DA:157,0
DA:158,0
DA:159,0
DA:160,0
DA:161,0
DA:162,0
DA:165,0
DA:173,0
DA:174,0
DA:175,0
DA:176,0
DA:177,0
DA:178,0
DA:180,0
DA:182,0
DA:184,0
DA:189,0
DA:190,0
DA:191,0
DA:193,0
DA:194,0
DA:195,0
DA:198,0
DA:199,0
DA:202,0
DA:203,0
DA:205,0
DA:207,0
DA:212,0
DA:213,0
DA:214,0
DA:215,0
DA:217,0
DA:218,0
DA:219,0
DA:222,0
DA:223,0
DA:227,0
DA:229,0
DA:230,0
DA:231,0
DA:232,0
DA:233,0
DA:234,0
DA:236,0
DA:237,0
DA:240,0
DA:241,0
DA:244,0
DA:245,0
DA:246,0
DA:247,0
DA:248,0
DA:249,0
DA:250,0
DA:253,0
DA:254,0
DA:256,0
DA:257,0
DA:258,0
DA:260,0
DA:267,0
DA:268,0
DA:279,0
DA:283,0
DA:284,0
DA:286,0
DA:287,0
DA:289,0
DA:290,0
DA:291,0
DA:294,0
DA:297,0
DA:302,0
DA:303,0
DA:304,0
DA:305,0
DA:307,0
DA:308,0
DA:311,0
DA:312,0
DA:313,0
DA:316,0
DA:317,0
DA:320,0
DA:321,0
DA:322,0
DA:323,0
DA:325,0
DA:327,0
DA:329,0
DA:334,0
DA:335,0
DA:336,0
DA:338,0
DA:344,0
DA:345,0
DA:349,0
DA:367,0
DA:382,0
DA:384,0
DA:388,0
LF:166
LH:0
BRDA:14,0,0,0
BRDA:14,1,0,0
BRDA:17,2,0,0
BRDA:17,2,1,0
BRDA:18,3,0,0
BRDA:18,3,1,0
BRDA:19,4,0,0
BRDA:19,4,1,0
BRDA:25,5,0,0
BRDA:25,5,1,0
BRDA:25,6,0,0
BRDA:25,6,1,0
BRDA:67,7,0,0
BRDA:67,7,1,0
BRDA:82,8,0,0
BRDA:82,8,1,0
BRDA:82,9,0,0
BRDA:82,9,1,0
BRDA:87,10,0,0
BRDA:87,10,1,0
BRDA:107,11,0,0
BRDA:107,11,1,0
BRDA:108,12,0,0
BRDA:108,12,1,0
BRDA:137,13,0,0
BRDA:137,13,1,0
BRDA:141,14,0,0
BRDA:141,14,1,0
BRDA:155,15,0,0
BRDA:155,15,1,0
BRDA:159,16,0,0
BRDA:159,16,1,0
BRDA:178,17,0,0
BRDA:178,17,1,0
BRDA:194,18,0,0
BRDA:194,18,1,0
BRDA:198,19,0,0
BRDA:198,19,1,0
BRDA:218,20,0,0
BRDA:218,20,1,0
BRDA:222,21,0,0
BRDA:222,21,1,0
BRDA:227,22,0,0
BRDA:227,22,1,0
BRDA:231,23,0,0
BRDA:231,23,1,0
BRDA:234,24,0,0
BRDA:234,24,1,0
BRDA:236,25,0,0
BRDA:236,25,1,0
BRDA:240,26,0,0
BRDA:240,26,1,0
BRDA:246,27,0,0
BRDA:246,27,1,0
BRDA:258,28,0,0
BRDA:258,28,1,0
BRDA:267,29,0,0
BRDA:267,29,1,0
BRDA:276,30,0,0
BRDA:276,30,1,0
BRDA:307,31,0,0
BRDA:307,31,1,0
BRDA:312,32,0,0
BRDA:312,32,1,0
BRDA:316,33,0,0
BRDA:316,33,1,0
BRDA:344,34,0,0
BRDA:344,34,1,0
BRDA:375,35,0,0
BRDA:375,35,1,0
BRDA:375,36,0,0
BRDA:375,36,1,0
BRF:72
BRH:0
end_of_record
TN:
SF:routes/suppliers.js
FN:9,(anonymous_0)
FN:61,(anonymous_1)
FN:74,(anonymous_2)
FN:96,(anonymous_3)
FN:130,(anonymous_4)
FN:169,(anonymous_5)
FNF:6
FNH:0
FNDA:0,(anonymous_0)
FNDA:0,(anonymous_1)
FNDA:0,(anonymous_2)
FNDA:0,(anonymous_3)
FNDA:0,(anonymous_4)
FNDA:0,(anonymous_5)
DA:1,0
DA:2,0
DA:3,0
DA:4,0
DA:6,0
DA:9,0
DA:10,0
DA:17,0
DA:19,0
DA:21,0
DA:22,0
DA:30,0
DA:31,0
DA:34,0
DA:35,0
DA:38,0
DA:44,0
DA:46,0
DA:56,0
DA:61,0
DA:62,0
DA:63,0
DA:67,0
DA:69,0
DA:74,0
DA:75,0
DA:76,0
DA:79,0
DA:80,0
DA:84,0
DA:86,0
DA:91,0
DA:96,0
DA:97,0
DA:98,0
DA:101,0
DA:102,0
DA:103,0
DA:106,0
DA:118,0
DA:120,0
DA:125,0
DA:130,0
DA:131,0
DA:132,0
DA:133,0
DA:134,0
DA:137,0
DA:140,0
DA:141,0
DA:142,0
DA:143,0
DA:147,0
DA:148,0
DA:149,0
DA:150,0
DA:151,0
DA:152,0
DA:153,0
DA:154,0
DA:155,0
DA:157,0
DA:159,0
DA:164,0
DA:169,0
DA:170,0
DA:171,0
DA:172,0
DA:173,0
DA:177,0
DA:178,0
DA:179,0
DA:182,0
DA:183,0
DA:185,0
DA:189,0
LF:76
LH:0
BRDA:12,0,0,0
BRDA:13,1,0,0
BRDA:21,2,0,0
BRDA:21,2,1,0
BRDA:30,3,0,0
BRDA:30,3,1,0
BRDA:34,4,0,0
BRDA:34,4,1,0
BRDA:79,5,0,0
BRDA:79,5,1,0
BRDA:102,6,0,0
BRDA:102,6,1,0
BRDA:114,7,0,0
BRDA:114,7,1,0
BRDA:133,8,0,0
BRDA:133,8,1,0
BRDA:140,9,0,0
BRDA:140,9,1,0
BRDA:140,10,0,0
BRDA:140,10,1,0
BRDA:142,11,0,0
BRDA:142,11,1,0
BRDA:147,12,0,0
BRDA:147,12,1,0
BRDA:148,13,0,0
BRDA:148,13,1,0
BRDA:149,14,0,0
BRDA:149,14,1,0
BRDA:150,15,0,0
BRDA:150,15,1,0
BRDA:151,16,0,0
BRDA:151,16,1,0
BRDA:152,17,0,0
BRDA:152,17,1,0
BRDA:153,18,0,0
BRDA:153,18,1,0
BRDA:154,19,0,0
BRDA:154,19,1,0
BRDA:155,20,0,0
BRDA:155,20,1,0
BRDA:172,21,0,0
BRDA:172,21,1,0
BRDA:178,22,0,0
BRDA:178,22,1,0
BRF:44
BRH:0
end_of_record
TN:
SF:routes/system.js
FN:8,(anonymous_0)
FN:18,(anonymous_1)
FNF:2
FNH:0
FNDA:0,(anonymous_0)
FNDA:0,(anonymous_1)
DA:1,0
DA:2,0
DA:3,0
DA:5,0
DA:8,0
DA:9,0
DA:10,0
DA:11,0
DA:13,0
DA:18,0
DA:19,0
DA:27,0
DA:29,0
DA:31,0
DA:32,0
DA:33,0
DA:34,0
DA:35,0
DA:36,0
DA:38,0
DA:39,0
DA:41,0
DA:46,0
DA:50,0
LF:24
LH:0
BRDA:31,0,0,0
BRDA:31,0,1,0
BRDA:32,1,0,0
BRDA:32,1,1,0
BRDA:33,2,0,0
BRDA:33,2,1,0
BRDA:34,3,0,0
BRDA:34,3,1,0
BRDA:35,4,0,0
BRDA:35,4,1,0
BRDA:36,5,0,0
BRDA:36,5,1,0
BRF:12
BRH:0
end_of_record
TN:
SF:routes/transactions.js
FN:9,(anonymous_0)
FN:34,(anonymous_1)
FN:79,(anonymous_2)
FN:98,(anonymous_3)
FN:175,(anonymous_4)
FN:239,(anonymous_5)
FN:304,(anonymous_6)
FN:315,(anonymous_7)
FNF:8
FNH:0
FNDA:0,(anonymous_0)
FNDA:0,(anonymous_1)
FNDA:0,(anonymous_2)
FNDA:0,(anonymous_3)
FNDA:0,(anonymous_4)
FNDA:0,(anonymous_5)
FNDA:0,(anonymous_6)
FNDA:0,(anonymous_7)
DA:1,0
DA:2,0
DA:3,0
DA:4,0
DA:6,0
DA:9,0
DA:10,0
DA:19,0
DA:21,0
DA:23,0
DA:25,0
DA:32,0
DA:34,0
DA:38,0
DA:39,0
DA:42,0
DA:43,0
DA:46,0
DA:47,0
DA:53,0
DA:62,0
DA:64,0
DA:74,0
DA:79,0
DA:80,0
DA:81,0
DA:87,0
DA:88,0
DA:91,0
DA:93,0
DA:98,0
DA:99,0
DA:100,0
DA:102,0
DA:113,0
DA:115,0
DA:116,0
DA:120,0
DA:136,0
DA:139,0
DA:141,0
DA:142,0
DA:143,0
DA:144,0
DA:145,0
DA:147,0
DA:156,0
DA:159,0
DA:160,0
DA:162,0
DA:167,0
DA:168,0
DA:170,0
DA:175,0
DA:176,0
DA:177,0
DA:179,0
DA:187,0
DA:189,0
DA:190,0
DA:194,0
DA:196,0
DA:197,0
DA:198,0
DA:202,0
DA:215,0
DA:218,0
DA:219,0
DA:220,0
DA:221,0
DA:223,0
DA:224,0
DA:226,0
DA:231,0
DA:232,0
DA:234,0
DA:239,0
DA:240,0
DA:241,0
DA:243,0
DA:244,0
DA:246,0
DA:247,0
DA:248,0
DA:251,0
DA:252,0
DA:253,0
DA:257,0
DA:262,0
DA:263,0
DA:264,0
DA:267,0
DA:269,0
DA:270,0
DA:271,0
DA:273,0
DA:276,0
DA:279,0
DA:280,0
DA:281,0
DA:284,0
DA:285,0
DA:287,0
DA:289,0
DA:294,0
DA:295,0
DA:297,0
DA:304,0
DA:305,0
DA:306,0
DA:308,0
DA:315,0
DA:324,0
DA:326,0
DA:330,0
LF:115
LH:0
BRDA:12,0,0,0
BRDA:13,1,0,0
BRDA:23,2,0,0
BRDA:23,2,1,0
BRDA:38,3,0,0
BRDA:38,3,1,0
BRDA:42,4,0,0
BRDA:42,4,1,0
BRDA:46,5,0,0
BRDA:46,5,1,0
BRDA:46,6,0,0
BRDA:46,6,1,0
BRDA:87,7,0,0
BRDA:87,7,1,0
BRDA:115,8,0,0
BRDA:115,8,1,0
BRDA:115,9,0,0
BRDA:115,9,1,0
BRDA:115,9,2,0
BRDA:115,9,3,0
BRDA:125,10,0,0
BRDA:125,10,1,0
BRDA:141,11,0,0
BRDA:141,11,1,0
BRDA:189,12,0,0
BRDA:189,12,1,0
BRDA:189,13,0,0
BRDA:189,13,1,0
BRDA:189,13,2,0
BRDA:189,13,3,0
BRDA:196,14,0,0
BRDA:196,14,1,0
BRDA:196,15,0,0
BRDA:196,15,1,0
BRDA:207,16,0,0
BRDA:207,16,1,0
BRDA:246,17,0,0
BRDA:246,17,1,0
BRDA:251,18,0,0
BRDA:251,18,1,0
BRDA:262,19,0,0
BRDA:262,19,1,0
BRDA:267,20,0,0
BRDA:267,20,1,0
BRDA:269,21,0,0
BRDA:269,21,1,0
BRDA:306,22,0,0
BRDA:306,22,1,0
BRDA:318,23,0,0
BRDA:318,23,1,0
BRF:50
BRH:0
end_of_record
TN:
SF:routes/users.js
FN:8,(anonymous_0)
FN:52,(anonymous_1)
FN:65,(anonymous_2)
FN:105,(anonymous_3)
FN:148,(anonymous_4)
FNF:5
FNH:0
FNDA:0,(anonymous_0)
FNDA:0,(anonymous_1)
FNDA:0,(anonymous_2)
FNDA:0,(anonymous_3)
FNDA:0,(anonymous_4)
DA:1,0
DA:2,0
DA:3,0
DA:5,0
DA:8,0
DA:9,0
DA:10,0
DA:11,0
DA:13,0
DA:14,0
DA:21,0
DA:22,0
DA:25,0
DA:26,0
DA:29,0
DA:35,0
DA:37,0
DA:47,0
DA:52,0
DA:53,0
DA:54,0
DA:55,0
DA:56,0
DA:58,0
DA:60,0
DA:65,0
DA:66,0
DA:67,0
DA:69,0
DA:73,0
DA:74,0
DA:77,0
DA:86,0
DA:88,0
DA:100,0
DA:105,0
DA:106,0
DA:107,0
DA:108,0
DA:110,0
DA:111,0
DA:115,0
DA:116,0
DA:117,0
DA:118,0
DA:122,0
DA:123,0
DA:124,0
DA:125,0
DA:126,0
DA:128,0
DA:130,0
DA:143,0
DA:148,0
DA:149,0
DA:150,0
DA:152,0
DA:153,0
DA:156,0
DA:157,0
DA:160,0
DA:161,0
DA:163,0
DA:167,0
LF:64
LH:0
BRDA:10,0,0,0
BRDA:10,1,0,0
BRDA:13,2,0,0
BRDA:13,2,1,0
BRDA:21,3,0,0
BRDA:21,3,1,0
BRDA:25,4,0,0
BRDA:25,4,1,0
BRDA:55,5,0,0
BRDA:55,5,1,0
BRDA:73,6,0,0
BRDA:73,6,1,0
BRDA:83,7,0,0
BRDA:83,7,1,0
BRDA:110,8,0,0
BRDA:110,8,1,0
BRDA:115,9,0,0
BRDA:115,9,1,0
BRDA:115,10,0,0
BRDA:115,10,1,0
BRDA:117,11,0,0
BRDA:117,11,1,0
BRDA:122,12,0,0
BRDA:122,12,1,0
BRDA:123,13,0,0
BRDA:123,13,1,0
BRDA:124,14,0,0
BRDA:124,14,1,0
BRDA:125,15,0,0
BRDA:125,15,1,0
BRDA:126,16,0,0
BRDA:126,16,1,0
BRDA:152,17,0,0
BRDA:152,17,1,0
BRDA:156,18,0,0
BRDA:156,18,1,0
BRF:36
BRH:0
end_of_record
TN:
SF:routes/warehouses.js
FN:9,(anonymous_0)
FN:56,(anonymous_1)
FN:69,(anonymous_2)
FN:100,(anonymous_3)
FN:134,(anonymous_4)
FN:173,(anonymous_5)
FNF:6
FNH:0
FNDA:0,(anonymous_0)
FNDA:0,(anonymous_1)
FNDA:0,(anonymous_2)
FNDA:0,(anonymous_3)
FNDA:0,(anonymous_4)
FNDA:0,(anonymous_5)
DA:1,0
DA:2,0
DA:3,0
DA:4,0
DA:6,0
DA:9,0
DA:10,0
DA:16,0
DA:18,0
DA:20,0
DA:21,0
DA:28,0
DA:29,0
DA:32,0
DA:39,0
DA:41,0
DA:51,0
DA:56,0
DA:57,0
DA:58,0
DA:62,0
DA:64,0
DA:69,0
DA:70,0
DA:71,0
DA:75,0
DA:76,0
DA:80,0
DA:90,0
DA:95,0
DA:100,0
DA:101,0
DA:102,0
DA:105,0
DA:106,0
DA:107,0
DA:110,0
DA:121,0
DA:122,0
DA:124,0
DA:129,0
DA:134,0
DA:135,0
DA:136,0
DA:137,0
DA:138,0
DA:141,0
DA:144,0
DA:145,0
DA:146,0
DA:147,0
DA:151,0
DA:152,0
DA:153,0
DA:154,0
DA:155,0
DA:156,0
DA:157,0
DA:158,0
DA:160,0
DA:161,0
DA:163,0
DA:168,0
DA:173,0
DA:174,0
DA:175,0
DA:176,0
DA:177,0
DA:181,0
DA:182,0
DA:183,0
DA:186,0
DA:187,0
DA:189,0
DA:193,0
LF:75
LH:0
BRDA:12,0,0,0
BRDA:13,1,0,0
BRDA:20,2,0,0
BRDA:20,2,1,0
BRDA:28,3,0,0
BRDA:28,3,1,0
BRDA:75,4,0,0
BRDA:75,4,1,0
BRDA:92,5,0,0
BRDA:92,5,1,0
BRDA:106,6,0,0
BRDA:106,6,1,0
BRDA:117,7,0,0
BRDA:117,7,1,0
BRDA:137,8,0,0
BRDA:137,8,1,0
BRDA:144,9,0,0
BRDA:144,9,1,0
BRDA:144,10,0,0
BRDA:144,10,1,0
BRDA:146,11,0,0
BRDA:146,11,1,0
BRDA:151,12,0,0
BRDA:151,12,1,0
BRDA:152,13,0,0
BRDA:152,13,1,0
BRDA:153,14,0,0
BRDA:153,14,1,0
BRDA:154,15,0,0
BRDA:154,15,1,0
BRDA:155,16,0,0
BRDA:155,16,1,0
BRDA:156,17,0,0
BRDA:156,17,1,0
BRDA:157,18,0,0
BRDA:157,18,1,0
BRDA:158,19,0,0
BRDA:158,19,1,0
BRDA:176,20,0,0
BRDA:176,20,1,0
BRDA:182,21,0,0
BRDA:182,21,1,0
BRF:42
BRH:0
end_of_record
